<?xml version="1.0" encoding="UTF-8"?>
<!-- Generated by org.testng.reporters.JUnitXMLReporter -->
<testsuite ignored="0" hostname="DESKTOP-B5CML8G" failures="0" tests="1" name="Surefire test" time="0.073" errors="0" timestamp="2024-11-09T12:48:41 IST">
  <testcase classname="testBase.BaseClass" name="@BeforeClass setup" time="-1.731136721065E9">
    <failure type="org.testng.TestNGException" message="
Parameter &amp;apos;browser&amp;apos; is required by BeforeClass on method setup but has not been marked @Optional or defined
">
      <![CDATA[org.testng.TestNGException: 
Parameter 'browser' is required by BeforeClass on method setup but has not been marked @Optional or defined

at java.base/java.util.ArrayList.forEach(ArrayList.java:1541)
... Removed 27 stack frames]]>
    </failure>
  </testcase> <!-- @BeforeClass setup -->
  <testcase classname="testBase.BaseClass" name="@AfterClass tearDown" time="0.0">
    <skipped/>
  </testcase> <!-- @AfterClass tearDown -->
  <testcase classname="testCases.TC_00_RegistrationTest" name="verfiy_RegistrationTest" time="0.0">
    <skipped/>
  </testcase> <!-- verfiy_RegistrationTest -->
</testsuite> <!-- Surefire test -->
