<?xml version="1.0" encoding="UTF-8"?>
<!-- Generated by org.testng.reporters.JUnitXMLReporter -->
<testsuite ignored="0" hostname="DESKTOP-B5CML8G" failures="1" tests="6" name="ChromeTest" time="38.524" errors="0" timestamp="2024-11-09T11:37:35 IST">
  <testcase classname="testCases.TC_00_RegistrationTest" name="verfiy_RegistrationTest" time="1.897"/>
  <testcase classname="testCases.TC_01_LoginDDT" name="verify_loginDDT" time="11.033"/>
  <testcase classname="testCases.TC_01_LoginDDT" name="verify_loginDDT" time="2.085"/>
  <testcase classname="testCases.TC_01_LoginDDT" name="verify_loginDDT" time="2.107">
    <failure type="java.lang.AssertionError" message="expected [true] but found [false]">
      <![CDATA[java.lang.AssertionError: expected [true] but found [false]
at testCases.TC_01_LoginDDT.verify_loginDDT(TC_01_LoginDDT.java:66)
at java.base/java.util.ArrayList.forEach(ArrayList.java:1597)
at java.base/java.util.concurrent.FutureTask.run(FutureTask.java:317)
at java.base/java.util.concurrent.ThreadPoolExecutor.runWorker(ThreadPoolExecutor.java:1144)
at java.base/java.util.concurrent.ThreadPoolExecutor$Worker.run(ThreadPoolExecutor.java:642)
at java.base/java.lang.Thread.run(Thread.java:1575)
... Removed 19 stack frames]]>
    </failure>
  </testcase> <!-- verify_loginDDT -->
  <testcase classname="testCases.TC_01_LoginDDT" name="verify_loginDDT" time="11.008"/>
  <testcase classname="testCases.TC_01_LoginDDT" name="verify_loginDDT" time="1.976"/>
</testsuite> <!-- ChromeTest -->
