<?xml version="1.0" encoding="UTF-8"?>
<!-- Generated by org.testng.reporters.JUnitXMLReporter -->
<testsuite ignored="0" hostname="DESKTOP-B5CML8G" failures="1" tests="6" name="ChromeTest" time="40.091" errors="0" timestamp="2024-11-09T13:04:45 IST">
  <testcase classname="testCases.TC_00_RegistrationTest" name="verfiy_RegistrationTest" time="2.775"/>
  <testcase classname="testCases.TC_01_LoginDDT" name="verify_loginDDT" time="10.995"/>
  <testcase classname="testCases.TC_01_LoginDDT" name="verify_loginDDT" time="2.207"/>
  <testcase classname="testCases.TC_01_LoginDDT" name="verify_loginDDT" time="1.966">
    <failure type="java.lang.AssertionError" message="expected [true] but found [false]">
      <![CDATA[java.lang.AssertionError: expected [true] but found [false]
at testCases.TC_01_LoginDDT.verify_loginDDT(TC_01_LoginDDT.java:66)
at java.base/java.util.ArrayList.forEach(ArrayList.java:1541)
at java.base/java.util.concurrent.FutureTask.run(FutureTask.java:264)
at java.base/java.util.concurrent.ThreadPoolExecutor.runWorker(ThreadPoolExecutor.java:1128)
at java.base/java.util.concurrent.ThreadPoolExecutor$Worker.run(ThreadPoolExecutor.java:628)
at java.base/java.lang.Thread.run(Thread.java:834)
... Removed 21 stack frames]]>
    </failure>
  </testcase> <!-- verify_loginDDT -->
  <testcase classname="testCases.TC_01_LoginDDT" name="verify_loginDDT" time="11.226"/>
  <testcase classname="testCases.TC_01_LoginDDT" name="verify_loginDDT" time="1.769"/>
</testsuite> <!-- ChromeTest -->
