<?xml version="1.0" encoding="UTF-8"?>
<testng-results ignored="0" total="6" passed="5" failed="1" skipped="0">
  <reporter-output>
  </reporter-output>
  <suite started-at="2024-11-09T11:36:54 IST" name="Suite" finished-at="2024-11-09T11:37:32 IST" duration-ms="38524">
    <groups>
      <group name="regression">
        <method signature="TC_00_RegistrationTest.verfiy_RegistrationTest()[pri:0, instance:testCases.TC_00_RegistrationTest@db57326]" name="verfiy_RegistrationTest" class="testCases.TC_00_RegistrationTest"/>
      </group> <!-- regression -->
      <group name="sanity">
        <method signature="TC_01_LoginDDT.verify_loginDDT(java.lang.String,java.lang.String,java.lang.String)[pri:0, instance:testCases.TC_01_LoginDDT@18a136ac]" name="verify_loginDDT" class="testCases.TC_01_LoginDDT"/>
      </group> <!-- sanity -->
      <group name="master">
        <method signature="TC_00_RegistrationTest.verfiy_RegistrationTest()[pri:0, instance:testCases.TC_00_RegistrationTest@db57326]" name="verfiy_RegistrationTest" class="testCases.TC_00_RegistrationTest"/>
        <method signature="TC_01_LoginDDT.verify_loginDDT(java.lang.String,java.lang.String,java.lang.String)[pri:0, instance:testCases.TC_01_LoginDDT@18a136ac]" name="verify_loginDDT" class="testCases.TC_01_LoginDDT"/>
      </group> <!-- master -->
    </groups>
    <test started-at="2024-11-09T11:36:54 IST" name="ChromeTest" finished-at="2024-11-09T11:37:32 IST" duration-ms="38524">
      <class name="testCases.TC_01_LoginDDT">
        <test-method is-config="true" signature="setup(java.lang.String,java.lang.String)[pri:0, instance:testCases.TC_01_LoginDDT@18a136ac]" started-at="2024-11-09T11:37:00 IST" name="setup" finished-at="2024-11-09T11:37:02 IST" duration-ms="2284" status="PASS">
          <params>
            <param index="0">
              <value>
                <![CDATA[chrome]]>
              </value>
            </param>
            <param index="1">
              <value>
                <![CDATA[Windows]]>
              </value>
            </param>
          </params>
          <reporter-output>
          </reporter-output>
        </test-method> <!-- setup -->
        <test-method signature="verify_loginDDT(java.lang.String,java.lang.String,java.lang.String)[pri:0, instance:testCases.TC_01_LoginDDT@18a136ac]" started-at="2024-11-09T11:37:03 IST" name="verify_loginDDT" data-provider="LoginData" finished-at="2024-11-09T11:37:14 IST" duration-ms="11033" status="PASS">
          <params>
            <param index="0">
              <value>
                <![CDATA[pavanoltraining@gmail.com]]>
              </value>
            </param>
            <param index="1">
              <value>
                <![CDATA[test@123]]>
              </value>
            </param>
            <param index="2">
              <value>
                <![CDATA[Invalid]]>
              </value>
            </param>
          </params>
          <reporter-output>
          </reporter-output>
        </test-method> <!-- verify_loginDDT -->
        <test-method signature="verify_loginDDT(java.lang.String,java.lang.String,java.lang.String)[pri:0, instance:testCases.TC_01_LoginDDT@18a136ac]" started-at="2024-11-09T11:37:14 IST" name="verify_loginDDT" data-provider="LoginData" finished-at="2024-11-09T11:37:17 IST" duration-ms="2085" status="PASS">
          <params>
            <param index="0">
              <value>
                <![CDATA[lakshmi@yahoo.com]]>
              </value>
            </param>
            <param index="1">
              <value>
                <![CDATA[Laxmi]]>
              </value>
            </param>
            <param index="2">
              <value>
                <![CDATA[Valid]]>
              </value>
            </param>
          </params>
          <reporter-output>
          </reporter-output>
        </test-method> <!-- verify_loginDDT -->
        <test-method signature="verify_loginDDT(java.lang.String,java.lang.String,java.lang.String)[pri:0, instance:testCases.TC_01_LoginDDT@18a136ac]" started-at="2024-11-09T11:37:17 IST" name="verify_loginDDT" data-provider="LoginData" finished-at="2024-11-09T11:37:19 IST" duration-ms="2107" status="FAIL">
          <params>
            <param index="0">
              <value>
                <![CDATA[laksh@yahoo.com]]>
              </value>
            </param>
            <param index="1">
              <value>
                <![CDATA[Lakshmi]]>
              </value>
            </param>
            <param index="2">
              <value>
                <![CDATA[Invalid]]>
              </value>
            </param>
          </params>
          <exception class="java.lang.AssertionError">
            <message>
              <![CDATA[expected [true] but found [false]]]>
            </message>
            <full-stacktrace>
              <![CDATA[java.lang.AssertionError: expected [true] but found [false]
at org.testng.Assert.fail(Assert.java:111)
at org.testng.Assert.failNotEquals(Assert.java:1578)
at org.testng.Assert.assertTrue(Assert.java:57)
at org.testng.Assert.assertTrue(Assert.java:67)
at testCases.TC_01_LoginDDT.verify_loginDDT(TC_01_LoginDDT.java:66)
at java.base/jdk.internal.reflect.DirectMethodHandleAccessor.invoke(DirectMethodHandleAccessor.java:103)
at java.base/java.lang.reflect.Method.invoke(Method.java:580)
at org.testng.internal.invokers.MethodInvocationHelper.invokeMethod(MethodInvocationHelper.java:141)
at org.testng.internal.invokers.TestInvoker.invokeMethod(TestInvoker.java:686)
at org.testng.internal.invokers.TestInvoker.invokeTestMethod(TestInvoker.java:230)
at org.testng.internal.invokers.MethodRunner.runInSequence(MethodRunner.java:63)
at org.testng.internal.invokers.TestInvoker$MethodInvocationAgent.invoke(TestInvoker.java:992)
at org.testng.internal.invokers.TestInvoker.invokeTestMethods(TestInvoker.java:203)
at org.testng.internal.invokers.TestMethodWorker.invokeTestMethods(TestMethodWorker.java:154)
at org.testng.internal.invokers.TestMethodWorker.run(TestMethodWorker.java:134)
at java.base/java.util.ArrayList.forEach(ArrayList.java:1597)
at org.testng.TestRunner.privateRun(TestRunner.java:739)
at org.testng.TestRunner.run(TestRunner.java:614)
at org.testng.SuiteRunner.runTest(SuiteRunner.java:421)
at org.testng.SuiteRunner$SuiteWorker.run(SuiteRunner.java:463)
at org.testng.internal.thread.ThreadUtil.lambda$execute$0(ThreadUtil.java:64)
at java.base/java.util.concurrent.FutureTask.run(FutureTask.java:317)
at java.base/java.util.concurrent.ThreadPoolExecutor.runWorker(ThreadPoolExecutor.java:1144)
at java.base/java.util.concurrent.ThreadPoolExecutor$Worker.run(ThreadPoolExecutor.java:642)
at java.base/java.lang.Thread.run(Thread.java:1575)
]]>
            </full-stacktrace>
          </exception> <!-- java.lang.AssertionError -->
          <reporter-output>
          </reporter-output>
        </test-method> <!-- verify_loginDDT -->
        <test-method signature="verify_loginDDT(java.lang.String,java.lang.String,java.lang.String)[pri:0, instance:testCases.TC_01_LoginDDT@18a136ac]" started-at="2024-11-09T11:37:19 IST" name="verify_loginDDT" data-provider="LoginData" finished-at="2024-11-09T11:37:30 IST" duration-ms="11008" status="PASS">
          <params>
            <param index="0">
              <value>
                <![CDATA[laks@yahoo.com]]>
              </value>
            </param>
            <param index="1">
              <value>
                <![CDATA[xyz]]>
              </value>
            </param>
            <param index="2">
              <value>
                <![CDATA[Invalid]]>
              </value>
            </param>
          </params>
          <reporter-output>
          </reporter-output>
        </test-method> <!-- verify_loginDDT -->
        <test-method signature="verify_loginDDT(java.lang.String,java.lang.String,java.lang.String)[pri:0, instance:testCases.TC_01_LoginDDT@18a136ac]" started-at="2024-11-09T11:37:30 IST" name="verify_loginDDT" data-provider="LoginData" finished-at="2024-11-09T11:37:32 IST" duration-ms="1976" status="PASS">
          <params>
            <param index="0">
              <value>
                <![CDATA[abc123@gmail.com]]>
              </value>
            </param>
            <param index="1">
              <value>
                <![CDATA[test@123]]>
              </value>
            </param>
            <param index="2">
              <value>
                <![CDATA[Valid]]>
              </value>
            </param>
          </params>
          <reporter-output>
          </reporter-output>
        </test-method> <!-- verify_loginDDT -->
        <test-method is-config="true" signature="tearDown()[pri:0, instance:testCases.TC_01_LoginDDT@18a136ac]" started-at="2024-11-09T11:37:32 IST" name="tearDown" finished-at="2024-11-09T11:37:32 IST" duration-ms="307" status="PASS">
          <reporter-output>
          </reporter-output>
        </test-method> <!-- tearDown -->
      </class> <!-- testCases.TC_01_LoginDDT -->
      <class name="testCases.TC_00_RegistrationTest">
        <test-method is-config="true" signature="setup(java.lang.String,java.lang.String)[pri:0, instance:testCases.TC_00_RegistrationTest@db57326]" started-at="2024-11-09T11:36:54 IST" name="setup" finished-at="2024-11-09T11:36:58 IST" duration-ms="4028" status="PASS">
          <params>
            <param index="0">
              <value>
                <![CDATA[chrome]]>
              </value>
            </param>
            <param index="1">
              <value>
                <![CDATA[Windows]]>
              </value>
            </param>
          </params>
          <reporter-output>
          </reporter-output>
        </test-method> <!-- setup -->
        <test-method signature="verfiy_RegistrationTest()[pri:0, instance:testCases.TC_00_RegistrationTest@db57326]" started-at="2024-11-09T11:36:58 IST" name="verfiy_RegistrationTest" finished-at="2024-11-09T11:37:00 IST" duration-ms="1897" status="PASS">
          <reporter-output>
          </reporter-output>
        </test-method> <!-- verfiy_RegistrationTest -->
        <test-method is-config="true" signature="tearDown()[pri:0, instance:testCases.TC_00_RegistrationTest@db57326]" started-at="2024-11-09T11:37:00 IST" name="tearDown" finished-at="2024-11-09T11:37:00 IST" duration-ms="207" status="PASS">
          <reporter-output>
          </reporter-output>
        </test-method> <!-- tearDown -->
      </class> <!-- testCases.TC_00_RegistrationTest -->
    </test> <!-- ChromeTest -->
  </suite> <!-- Suite -->
</testng-results>
